<?xml version="1.0" encoding="UTF-8"?>
<!-- Generated by org.testng.reporters.JUnitReportReporter -->
<testsuite hostname="LAPTOP-LAHUJT59" failures="0" tests="1" name="testCase.Tc_002_HRM_Login" time="31.047" errors="0" timestamp="2021-12-27T12:22:55 IST" skipped="0">
  <testcase classname="testCase.Tc_002_HRM_Login" name="logic" time="31.047"/>
  <system-out/>
</testsuite> <!-- testCase.Tc_002_HRM_Login -->
