<?xml version="1.0" encoding="UTF-8"?>
<!-- Generated by org.testng.reporters.JUnitReportReporter -->
<testsuite hostname="LAPTOP-LAHUJT59" failures="0" tests="1" name="testCase.Tc_001_HRM_Login" time="24.479" errors="0" timestamp="2021-12-24T12:14:31 IST" skipped="0">
  <testcase classname="testCase.Tc_001_HRM_Login" name="logic" time="24.479"/>
  <system-out/>
</testsuite> <!-- testCase.Tc_001_HRM_Login -->
